<?xml version="1.0"?>
<testsuite name="PhantomJS 2.1.1 (Windows 7 0.0.0)" package="unit" timestamp="2016-11-24T20:20:49" id="0" hostname="noiaaga4161046" tests="1" errors="0" failures="0" time="0.002">
  <properties>
    <property name="browser.fullName" value="Mozilla/5.0 (Windows NT 6.1; WOW64) AppleWebKit/538.1 (KHTML, like Gecko) PhantomJS/2.1.1 Safari/538.1"/>
  </properties>
  <testcase name="Test block Dummy - Should be able to add 2 numbers" time="0.002" classname="PhantomJS_2_1_1_(Windows_7_0_0_0).unit.Test block"/>
  <system-out>
    <![CDATA[
]]>
  </system-out>
  <system-err/>
</testsuite>