<?xml version="1.0"?>
<testsuite name="Chrome 54.0.2840 (Windows 7 0.0.0)" package="unit" timestamp="2016-11-24T20:20:49" id="0" hostname="noiaaga4161046" tests="1" errors="0" failures="0" time="0">
  <properties>
    <property name="browser.fullName" value="Mozilla/5.0 (Windows NT 6.1; WOW64) AppleWebKit/537.36 (KHTML, like Gecko) Chrome/54.0.2840.99 Safari/537.36"/>
  </properties>
  <testcase name="Test block Dummy - Should be able to add 2 numbers" time="0" classname="Chrome_54_0_2840_(Windows_7_0_0_0).unit.Test block"/>
  <system-out>
    <![CDATA[
]]>
  </system-out>
  <system-err/>
</testsuite>